<?xml version="1.0" encoding="UTF-8"?>
<!-- Generated by org.testng.reporters.JUnitReportReporter -->
<testsuite skipped="0" hostname="IT2TBPR" name="com.web_taf.tests.Runner" tests="1" failures="0" timestamp="2024-06-25T20:14:28 EET" time="59.211" errors="0">
  <testcase name="runScenario" time="59.211" classname="com.web_taf.tests.Runner"/>
  <system-out/>
</testsuite> <!-- com.web_taf.tests.Runner -->
